This is pdfTeX, Version 3.1415926-2.5-1.40.14 (MiKTeX 2.9) (preloaded format=pdflatex 2014.2.18)  25 MAY 2015 05:03
entering extended mode
**quivers.tex
(C:\Users\Chanelle\Documents\GitHub\quivers\quivers.tex
LaTeX2e <2011/06/27>
Babel <v3.8m> and hyphenation patterns for english, afrikaans, ancientgreek, ar
abic, armenian, assamese, basque, bengali, bokmal, bulgarian, catalan, coptic, 
croatian, czech, danish, dutch, esperanto, estonian, farsi, finnish, french, ga
lician, german, german-x-2013-05-26, greek, gujarati, hindi, hungarian, iceland
ic, indonesian, interlingua, irish, italian, kannada, kurmanji, latin, latvian,
 lithuanian, malayalam, marathi, mongolian, mongolianlmc, monogreek, ngerman, n
german-x-2013-05-26, nynorsk, oriya, panjabi, pinyin, polish, portuguese, roman
ian, russian, sanskrit, serbian, slovak, slovenian, spanish, swedish, swissgerm
an, tamil, telugu, turkish, turkmen, ukenglish, ukrainian, uppersorbian, usengl
ishmax, welsh, loaded.
("C:\Program Files (x86)\MiKTeX 2.9\tex\latex\base\report.cls"
Document Class: report 2007/10/19 v1.4h Standard LaTeX document class
("C:\Program Files (x86)\MiKTeX 2.9\tex\latex\base\size10.clo"
File: size10.clo 2007/10/19 v1.4h Standard LaTeX file (size option)
)
\c@part=\count79
\c@chapter=\count80
\c@section=\count81
\c@subsection=\count82
\c@subsubsection=\count83
\c@paragraph=\count84
\c@subparagraph=\count85
\c@figure=\count86
\c@table=\count87
\abovecaptionskip=\skip41
\belowcaptionskip=\skip42
\bibindent=\dimen102
)
("C:\Program Files (x86)\MiKTeX 2.9\tex\latex\graphics\graphicx.sty"
Package: graphicx 1999/02/16 v1.0f Enhanced LaTeX Graphics (DPC,SPQR)

("C:\Program Files (x86)\MiKTeX 2.9\tex\latex\graphics\keyval.sty"
Package: keyval 1999/03/16 v1.13 key=value parser (DPC)
\KV@toks@=\toks14
)
("C:\Program Files (x86)\MiKTeX 2.9\tex\latex\graphics\graphics.sty"
Package: graphics 2009/02/05 v1.0o Standard LaTeX Graphics (DPC,SPQR)

("C:\Program Files (x86)\MiKTeX 2.9\tex\latex\graphics\trig.sty"
Package: trig 1999/03/16 v1.09 sin cos tan (DPC)
)
("C:\Program Files (x86)\MiKTeX 2.9\tex\latex\00miktex\graphics.cfg"
File: graphics.cfg 2007/01/18 v1.5 graphics configuration of teTeX/TeXLive
)
Package graphics Info: Driver file: pdftex.def on input line 91.

("C:\Program Files (x86)\MiKTeX 2.9\tex\latex\pdftex-def\pdftex.def"
File: pdftex.def 2011/05/27 v0.06d Graphics/color for pdfTeX

("C:\Program Files (x86)\MiKTeX 2.9\tex\generic\oberdiek\infwarerr.sty"
Package: infwarerr 2010/04/08 v1.3 Providing info/warning/error messages (HO)
)
("C:\Program Files (x86)\MiKTeX 2.9\tex\generic\oberdiek\ltxcmds.sty"
Package: ltxcmds 2011/11/09 v1.22 LaTeX kernel commands for general use (HO)
)
\Gread@gobject=\count88
))
\Gin@req@height=\dimen103
\Gin@req@width=\dimen104
)
("C:\Program Files (x86)\MiKTeX 2.9\tex\latex\amsfonts\amssymb.sty"
Package: amssymb 2013/01/14 v3.01 AMS font symbols

("C:\Program Files (x86)\MiKTeX 2.9\tex\latex\amsfonts\amsfonts.sty"
Package: amsfonts 2013/01/14 v3.01 Basic AMSFonts support
\@emptytoks=\toks15
\symAMSa=\mathgroup4
\symAMSb=\mathgroup5
LaTeX Font Info:    Overwriting math alphabet `\mathfrak' in version `bold'
(Font)                  U/euf/m/n --> U/euf/b/n on input line 106.
))
("C:\Program Files (x86)\MiKTeX 2.9\tex\latex\amsmath\amsmath.sty"
Package: amsmath 2013/01/14 v2.14 AMS math features
\@mathmargin=\skip43

For additional information on amsmath, use the `?' option.
("C:\Program Files (x86)\MiKTeX 2.9\tex\latex\amsmath\amstext.sty"
Package: amstext 2000/06/29 v2.01

("C:\Program Files (x86)\MiKTeX 2.9\tex\latex\amsmath\amsgen.sty"
File: amsgen.sty 1999/11/30 v2.0
\@emptytoks=\toks16
\ex@=\dimen105
))
("C:\Program Files (x86)\MiKTeX 2.9\tex\latex\amsmath\amsbsy.sty"
Package: amsbsy 1999/11/29 v1.2d
\pmbraise@=\dimen106
)
("C:\Program Files (x86)\MiKTeX 2.9\tex\latex\amsmath\amsopn.sty"
Package: amsopn 1999/12/14 v2.01 operator names
)
\inf@bad=\count89
LaTeX Info: Redefining \frac on input line 210.
\uproot@=\count90
\leftroot@=\count91
LaTeX Info: Redefining \overline on input line 306.
\classnum@=\count92
\DOTSCASE@=\count93
LaTeX Info: Redefining \ldots on input line 378.
LaTeX Info: Redefining \dots on input line 381.
LaTeX Info: Redefining \cdots on input line 466.
\Mathstrutbox@=\box26
\strutbox@=\box27
\big@size=\dimen107
LaTeX Font Info:    Redeclaring font encoding OML on input line 566.
LaTeX Font Info:    Redeclaring font encoding OMS on input line 567.
\macc@depth=\count94
\c@MaxMatrixCols=\count95
\dotsspace@=\muskip10
\c@parentequation=\count96
\dspbrk@lvl=\count97
\tag@help=\toks17
\row@=\count98
\column@=\count99
\maxfields@=\count100
\andhelp@=\toks18
\eqnshift@=\dimen108
\alignsep@=\dimen109
\tagshift@=\dimen110
\tagwidth@=\dimen111
\totwidth@=\dimen112
\lineht@=\dimen113
\@envbody=\toks19
\multlinegap=\skip44
\multlinetaggap=\skip45
\mathdisplay@stack=\toks20
LaTeX Info: Redefining \[ on input line 2665.
LaTeX Info: Redefining \] on input line 2666.
)
("C:\Program Files (x86)\MiKTeX 2.9\tex\latex\mathtools\mathtools.sty"
Package: mathtools 2014/07/16 v1.15 mathematical typesetting tools

("C:\Program Files (x86)\MiKTeX 2.9\tex\latex\tools\calc.sty"
Package: calc 2007/08/22 v4.3 Infix arithmetic (KKT,FJ)
\calc@Acount=\count101
\calc@Bcount=\count102
\calc@Adimen=\dimen114
\calc@Bdimen=\dimen115
\calc@Askip=\skip46
\calc@Bskip=\skip47
LaTeX Info: Redefining \setlength on input line 76.
LaTeX Info: Redefining \addtolength on input line 77.
\calc@Ccount=\count103
\calc@Cskip=\skip48
)
("C:\Program Files (x86)\MiKTeX 2.9\tex\latex\mathtools\mhsetup.sty"
Package: mhsetup 2010/01/21 v1.2a programming setup (MH)
)
LaTeX Info: Thecontrolsequence`\['isalreadyrobust on input line 129.
LaTeX Info: Thecontrolsequence`\]'isalreadyrobust on input line 129.
\g_MT_multlinerow_int=\count104
\l_MT_multwidth_dim=\dimen116
\origjot=\skip49
\l_MT_shortvdotswithinadjustabove_dim=\dimen117
\l_MT_shortvdotswithinadjustbelow_dim=\dimen118
\l_MT_above_intertext_sep=\dimen119
\l_MT_below_intertext_sep=\dimen120
\l_MT_above_shortintertext_sep=\dimen121
\l_MT_below_shortintertext_sep=\dimen122
)
("C:\Program Files (x86)\MiKTeX 2.9\tex\latex\amscls\amsthm.sty"
Package: amsthm 2004/08/06 v2.20
\thm@style=\toks21
\thm@bodyfont=\toks22
\thm@headfont=\toks23
\thm@notefont=\toks24
\thm@headpunct=\toks25
\thm@preskip=\skip50
\thm@postskip=\skip51
\thm@headsep=\skip52
\dth@everypar=\toks26
)
("C:\Program Files (x86)\MiKTeX 2.9\tex\latex\l3packages\xfrac\xfrac.sty"
("C:\Program Files (x86)\MiKTeX 2.9\tex\latex\l3packages\l3keys2e\l3keys2e.sty"
("C:\Program Files (x86)\MiKTeX 2.9\tex\latex\l3kernel\expl3.sty"
Package: expl3 2015/03/01 v5547 L3 programming layer (loader) 

("C:\Program Files (x86)\MiKTeX 2.9\tex\latex\l3kernel\expl3-code.tex"
Package: expl3 2015/03/01 v5547 L3 programming layer (code) 
L3 Module: l3bootstrap 2015/02/28 v5542 L3 Bootstrap code

("C:\Program Files (x86)\MiKTeX 2.9\tex\latex\misc\etex.sty"
Package: etex 1998/03/26 v2.0 eTeX basic definition package (PEB)
\et@xins=\count105
)
L3 Module: l3names 2015/02/24 v5535 L3 Namespace for primitives
L3 Module: l3basics 2015/01/27 v5500 L3 Basic definitions
L3 Module: l3expan 2014/11/27 v5472 L3 Argument expansion
L3 Module: l3tl 2015/01/27 v5500 L3 Token lists
L3 Module: l3str 2015/03/01 v5545 L3 Strings
L3 Module: l3seq 2014/08/23 v5354 L3 Sequences and stacks
L3 Module: l3int 2015/02/21 v5529 L3 Integers
\c_max_int=\count106
\l_tmpa_int=\count107
\l_tmpb_int=\count108
\g_tmpa_int=\count109
\g_tmpb_int=\count110
L3 Module: l3quark 2014/08/23 v5354 L3 Quarks
L3 Module: l3prg 2014/08/23 v5354 L3 Control structures
\g__prg_map_int=\count111
L3 Module: l3clist 2014/08/23 v5354 L3 Comma separated lists
L3 Module: l3token 2014/09/15 v5422 L3 Experimental token manipulation
L3 Module: l3prop 2014/08/23 v5354 L3 Property lists
L3 Module: l3msg 2015/02/26 v5537 L3 Messages
L3 Module: l3file 2014/08/24 v5369 L3 File and I/O operations
\l_iow_line_count_int=\count112
\l__iow_target_count_int=\count113
\l__iow_current_line_int=\count114
\l__iow_current_word_int=\count115
\l__iow_current_indentation_int=\count116
L3 Module: l3skip 2014/08/23 v5354 L3 Dimensions and skips
\c_zero_dim=\dimen123
\c_max_dim=\dimen124
\l_tmpa_dim=\dimen125
\l_tmpb_dim=\dimen126
\g_tmpa_dim=\dimen127
\g_tmpb_dim=\dimen128
\c_zero_skip=\skip53
\c_max_skip=\skip54
\l_tmpa_skip=\skip55
\l_tmpb_skip=\skip56
\g_tmpa_skip=\skip57
\g_tmpb_skip=\skip58
\c_zero_muskip=\muskip11
\c_max_muskip=\muskip12
\l_tmpa_muskip=\muskip13
\l_tmpb_muskip=\muskip14
\g_tmpa_muskip=\muskip15
\g_tmpb_muskip=\muskip16
L3 Module: l3keys 2015/01/27 v5500 L3 Key-value interfaces
\g__keyval_level_int=\count117
\l_keys_choice_int=\count118
L3 Module: l3fp 2014/08/22 v5336 L3 Floating points
\c__fp_leading_shift_int=\count119
\c__fp_middle_shift_int=\count120
\c__fp_trailing_shift_int=\count121
\c__fp_big_leading_shift_int=\count122
\c__fp_big_middle_shift_int=\count123
\c__fp_big_trailing_shift_int=\count124
\c__fp_Bigg_leading_shift_int=\count125
\c__fp_Bigg_middle_shift_int=\count126
\c__fp_Bigg_trailing_shift_int=\count127
L3 Module: l3box 2014/08/23 v5354 L3 Experimental boxes
\c_empty_box=\box28
\l_tmpa_box=\box29
\l_tmpb_box=\box30
\g_tmpa_box=\box31
\g_tmpb_box=\box32
L3 Module: l3coffins 2014/08/23 v5354 L3 Coffin code layer
\l__coffin_internal_box=\box33
\l__coffin_internal_dim=\dimen129
\l__coffin_offset_x_dim=\dimen130
\l__coffin_offset_y_dim=\dimen131
\l__coffin_x_dim=\dimen132
\l__coffin_y_dim=\dimen133
\l__coffin_x_prime_dim=\dimen134
\l__coffin_y_prime_dim=\dimen135
\c_empty_coffin=\box34
\l__coffin_aligned_coffin=\box35
\l__coffin_aligned_internal_coffin=\box36
\l_tmpa_coffin=\box37
\l_tmpb_coffin=\box38
\l__coffin_display_coffin=\box39
\l__coffin_display_coord_coffin=\box40
\l__coffin_display_pole_coffin=\box41
\l__coffin_display_offset_dim=\dimen136
\l__coffin_display_x_dim=\dimen137
\l__coffin_display_y_dim=\dimen138
L3 Module: l3color 2014/08/23 v5354 L3 Experimental color support
L3 Module: l3candidates 2015/03/01 v5544 L3 Experimental additions to l3kernel
\l__box_top_dim=\dimen139
\l__box_bottom_dim=\dimen140
\l__box_left_dim=\dimen141
\l__box_right_dim=\dimen142
\l__box_top_new_dim=\dimen143
\l__box_bottom_new_dim=\dimen144
\l__box_left_new_dim=\dimen145
\l__box_right_new_dim=\dimen146
\l__box_internal_box=\box42
\l__coffin_bounding_shift_dim=\dimen147
\l__coffin_left_corner_dim=\dimen148
\l__coffin_right_corner_dim=\dimen149
\l__coffin_bottom_corner_dim=\dimen150
\l__coffin_top_corner_dim=\dimen151
\l__coffin_scaled_total_height_dim=\dimen152
\l__coffin_scaled_width_dim=\dimen153
)
("C:\Program Files (x86)\MiKTeX 2.9\tex\latex\l3kernel\l3unicode-data.def"
File: l3unicode-data.def 2015/03/01 v5544 L3 Unicode data
)
("C:\Program Files (x86)\MiKTeX 2.9\tex\latex\l3kernel\l3pdfmode.def"
File: l3pdfmode.def 2015/03/01 v5544 L3 Experimental driver: PDF mode
\l__driver_color_stack_int=\count128
))
Package: l3keys2e 2014/11/25 v5471 LaTeX2e option processing using LaTeX3 keys
)
("C:\Program Files (x86)\MiKTeX 2.9\tex\latex\base\textcomp.sty"
Package: textcomp 2005/09/27 v1.99g Standard LaTeX package
Package textcomp Info: Sub-encoding information:
(textcomp)               5 = only ISO-Adobe without \textcurrency
(textcomp)               4 = 5 + \texteuro
(textcomp)               3 = 4 + \textohm
(textcomp)               2 = 3 + \textestimated + \textcurrency
(textcomp)               1 = TS1 - \textcircled - \t
(textcomp)               0 = TS1 (full)
(textcomp)             Font families with sub-encoding setting implement
(textcomp)             only a restricted character set as indicated.
(textcomp)             Family '?' is the default used for unknown fonts.
(textcomp)             See the documentation for details.
Package textcomp Info: Setting ? sub-encoding to TS1/1 on input line 71.

("C:\Program Files (x86)\MiKTeX 2.9\tex\latex\base\ts1enc.def"
File: ts1enc.def 2001/06/05 v3.0e (jk/car/fm) Standard LaTeX file
)
LaTeX Info: Redefining \oldstylenums on input line 266.
Package textcomp Info: Setting cmr sub-encoding to TS1/0 on input line 281.
Package textcomp Info: Setting cmss sub-encoding to TS1/0 on input line 282.
Package textcomp Info: Setting cmtt sub-encoding to TS1/0 on input line 283.
Package textcomp Info: Setting cmvtt sub-encoding to TS1/0 on input line 284.
Package textcomp Info: Setting cmbr sub-encoding to TS1/0 on input line 285.
Package textcomp Info: Setting cmtl sub-encoding to TS1/0 on input line 286.
Package textcomp Info: Setting ccr sub-encoding to TS1/0 on input line 287.
Package textcomp Info: Setting ptm sub-encoding to TS1/4 on input line 288.
Package textcomp Info: Setting pcr sub-encoding to TS1/4 on input line 289.
Package textcomp Info: Setting phv sub-encoding to TS1/4 on input line 290.
Package textcomp Info: Setting ppl sub-encoding to TS1/3 on input line 291.
Package textcomp Info: Setting pag sub-encoding to TS1/4 on input line 292.
Package textcomp Info: Setting pbk sub-encoding to TS1/4 on input line 293.
Package textcomp Info: Setting pnc sub-encoding to TS1/4 on input line 294.
Package textcomp Info: Setting pzc sub-encoding to TS1/4 on input line 295.
Package textcomp Info: Setting bch sub-encoding to TS1/4 on input line 296.
Package textcomp Info: Setting put sub-encoding to TS1/5 on input line 297.
Package textcomp Info: Setting uag sub-encoding to TS1/5 on input line 298.
Package textcomp Info: Setting ugq sub-encoding to TS1/5 on input line 299.
Package textcomp Info: Setting ul8 sub-encoding to TS1/4 on input line 300.
Package textcomp Info: Setting ul9 sub-encoding to TS1/4 on input line 301.
Package textcomp Info: Setting augie sub-encoding to TS1/5 on input line 302.
Package textcomp Info: Setting dayrom sub-encoding to TS1/3 on input line 303.
Package textcomp Info: Setting dayroms sub-encoding to TS1/3 on input line 304.

Package textcomp Info: Setting pxr sub-encoding to TS1/0 on input line 305.
Package textcomp Info: Setting pxss sub-encoding to TS1/0 on input line 306.
Package textcomp Info: Setting pxtt sub-encoding to TS1/0 on input line 307.
Package textcomp Info: Setting txr sub-encoding to TS1/0 on input line 308.
Package textcomp Info: Setting txss sub-encoding to TS1/0 on input line 309.
Package textcomp Info: Setting txtt sub-encoding to TS1/0 on input line 310.
Package textcomp Info: Setting lmr sub-encoding to TS1/0 on input line 311.
Package textcomp Info: Setting lmdh sub-encoding to TS1/0 on input line 312.
Package textcomp Info: Setting lmss sub-encoding to TS1/0 on input line 313.
Package textcomp Info: Setting lmssq sub-encoding to TS1/0 on input line 314.
Package textcomp Info: Setting lmvtt sub-encoding to TS1/0 on input line 315.
Package textcomp Info: Setting qhv sub-encoding to TS1/0 on input line 316.
Package textcomp Info: Setting qag sub-encoding to TS1/0 on input line 317.
Package textcomp Info: Setting qbk sub-encoding to TS1/0 on input line 318.
Package textcomp Info: Setting qcr sub-encoding to TS1/0 on input line 319.
Package textcomp Info: Setting qcs sub-encoding to TS1/0 on input line 320.
Package textcomp Info: Setting qpl sub-encoding to TS1/0 on input line 321.
Package textcomp Info: Setting qtm sub-encoding to TS1/0 on input line 322.
Package textcomp Info: Setting qzc sub-encoding to TS1/0 on input line 323.
Package textcomp Info: Setting qhvc sub-encoding to TS1/0 on input line 324.
Package textcomp Info: Setting futs sub-encoding to TS1/4 on input line 325.
Package textcomp Info: Setting futx sub-encoding to TS1/4 on input line 326.
Package textcomp Info: Setting futj sub-encoding to TS1/4 on input line 327.
Package textcomp Info: Setting hlh sub-encoding to TS1/3 on input line 328.
Package textcomp Info: Setting hls sub-encoding to TS1/3 on input line 329.
Package textcomp Info: Setting hlst sub-encoding to TS1/3 on input line 330.
Package textcomp Info: Setting hlct sub-encoding to TS1/5 on input line 331.
Package textcomp Info: Setting hlx sub-encoding to TS1/5 on input line 332.
Package textcomp Info: Setting hlce sub-encoding to TS1/5 on input line 333.
Package textcomp Info: Setting hlcn sub-encoding to TS1/5 on input line 334.
Package textcomp Info: Setting hlcw sub-encoding to TS1/5 on input line 335.
Package textcomp Info: Setting hlcf sub-encoding to TS1/5 on input line 336.
Package textcomp Info: Setting pplx sub-encoding to TS1/3 on input line 337.
Package textcomp Info: Setting pplj sub-encoding to TS1/3 on input line 338.
Package textcomp Info: Setting ptmx sub-encoding to TS1/4 on input line 339.
Package textcomp Info: Setting ptmj sub-encoding to TS1/4 on input line 340.
)
("C:\Program Files (x86)\MiKTeX 2.9\tex\latex\l3packages\xparse\xparse.sty"
Package: xparse 2014/11/25 v5471 L3 Experimental document command parser
\l__xparse_current_arg_int=\count129
\l__xparse_m_args_int=\count130
\l__xparse_mandatory_args_int=\count131
\l__xparse_processor_int=\count132
\l__xparse_v_nesting_int=\count133
)
("C:\Program Files (x86)\MiKTeX 2.9\tex\latex\l3packages\xtemplate\xtemplate.st
y"
Package: xtemplate 2014/11/25 v5471 L3 Experimental prototype document function
s
\l__xtemplate_tmp_dim=\dimen154
\l__xtemplate_tmp_int=\count134
\l__xtemplate_tmp_muskip=\muskip17
\l__xtemplate_tmp_skip=\skip59
Variant \prop_get:NoNTF already defined; not changing it on line 106
Variant \prop_get:NoNT already defined; not changing it on line 107
Variant \prop_get:NoNF already defined; not changing it on line 108
)
Package: xfrac 2014/05/04 v4728 L3 Experimental split-level fractions
\l__xfrac_slash_box=\box43
\l__xfrac_tmp_box=\box44
\l__xfrac_denominator_bot_sep_dim=\dimen155
\l__xfrac_numerator_bot_sep_dim=\dimen156
\l__xfrac_numerator_top_sep_dim=\dimen157
\l__xfrac_slash_left_sep_dim=\dimen158
\l__xfrac_slash_right_sep_dim=\dimen159
\l__xfrac_slash_left_muskip=\muskip18
\l__xfrac_slash_right_muskip=\muskip19
.................................................
. xtemplate info: "declare-object-type"
. 
. Declaring object type 'xfrac' taking 3 argument(s) on line 96.
.................................................
.................................................
. LaTeX info: "xparse/define-command"
. 
. Defining command \sfrac with sig. 'omom' on line 436.
.................................................
) ("C:\Program Files (x86)\MiKTeX 2.9\tex\latex\mathabx\mathabx.sty"
Package: mathabx 2003/07/29 v0.0 Non-standard LaTeX package mathabx
\symmatha=\mathgroup6
\symmathb=\mathgroup7
\symmathx=\mathgroup8

("C:\Program Files (x86)\MiKTeX 2.9\tex\generic\mathabx\mathabx.dcl"
LaTeX Font Info:    Redeclaring math symbol \cdotp on input line 25.
LaTeX Font Info:    Redeclaring math symbol \times on input line 33.
LaTeX Font Info:    Redeclaring math symbol \div on input line 34.
LaTeX Font Info:    Redeclaring math symbol \cdot on input line 35.
LaTeX Font Info:    Redeclaring math symbol \circ on input line 36.
LaTeX Font Info:    Redeclaring math symbol \ast on input line 38.
LaTeX Font Info:    Redeclaring math symbol \pm on input line 41.
LaTeX Font Info:    Redeclaring math symbol \mp on input line 42.
LaTeX Font Info:    Redeclaring math symbol \ltimes on input line 43.
LaTeX Font Info:    Redeclaring math symbol \rtimes on input line 44.
LaTeX Font Info:    Redeclaring math symbol \diamond on input line 45.
LaTeX Font Info:    Redeclaring math symbol \bullet on input line 46.
LaTeX Font Info:    Redeclaring math symbol \star on input line 47.
LaTeX Font Info:    Redeclaring math symbol \amalg on input line 51.
LaTeX Font Info:    Redeclaring math symbol \dotplus on input line 58.
LaTeX Font Info:    Redeclaring math symbol \square on input line 63.
LaTeX Font Info:    Redeclaring math symbol \divideontimes on input line 71.
LaTeX Font Info:    Redeclaring math symbol \bigstar on input line 75.
LaTeX Font Info:    Redeclaring math symbol \equiv on input line 83.
LaTeX Font Info:    Redeclaring math symbol \sim on input line 84.
LaTeX Font Info:    Redeclaring math symbol \approx on input line 85.
LaTeX Font Info:    Redeclaring math symbol \simeq on input line 86.
LaTeX Font Info:    Redeclaring math symbol \asymp on input line 89.
LaTeX Font Info:    Redeclaring math symbol \nsim on input line 97.
LaTeX Font Info:    Redeclaring math symbol \ncong on input line 100.
LaTeX Font Info:    Redeclaring math symbol \risingdotseq on input line 118.
LaTeX Font Info:    Redeclaring math symbol \fallingdotseq on input line 119.
LaTeX Font Info:    Redeclaring math symbol \circeq on input line 125.
LaTeX Font Info:    Redeclaring math symbol \eqcirc on input line 126.
LaTeX Font Info:    Redeclaring math symbol \triangleq on input line 127.
LaTeX Font Info:    Redeclaring math symbol \neg on input line 134.
LaTeX Font Info:    Redeclaring math symbol \ll on input line 136.
LaTeX Font Info:    Redeclaring math symbol \gg on input line 137.
LaTeX Font Info:    Redeclaring math symbol \vdash on input line 139.
LaTeX Font Info:    Redeclaring math symbol \dashv on input line 140.
LaTeX Font Info:    Redeclaring math symbol \nvdash on input line 141.
LaTeX Font Info:    Redeclaring math symbol \vDash on input line 143.
LaTeX Font Info:    Redeclaring math symbol \nvDash on input line 145.
LaTeX Font Info:    Redeclaring math symbol \Vdash on input line 147.
LaTeX Font Info:    Redeclaring math symbol \nVdash on input line 149.
LaTeX Font Info:    Redeclaring math symbol \flat on input line 158.
LaTeX Font Info:    Redeclaring math symbol \natural on input line 159.
LaTeX Font Info:    Redeclaring math symbol \sharp on input line 160.
LaTeX Font Info:    Redeclaring math symbol \infty on input line 161.
LaTeX Font Info:    Redeclaring math symbol \propto on input line 162.
LaTeX Font Info:    Redeclaring math symbol \dagger on input line 163.
LaTeX Font Info:    Redeclaring math symbol \ddagger on input line 164.
LaTeX Font Info:    Redeclaring math symbol \between on input line 170.
LaTeX Font Info:    Redeclaring math symbol \smile on input line 171.
LaTeX Font Info:    Redeclaring math symbol \frown on input line 172.
LaTeX Font Info:    Redeclaring math symbol \leftthreetimes on input line 174.
LaTeX Font Info:    Redeclaring math symbol \rightthreetimes on input line 175.

LaTeX Font Info:    Redeclaring math symbol \pitchfork on input line 176.
LaTeX Font Info:    Redeclaring math symbol \nVDash on input line 182.
LaTeX Font Info:    Redeclaring math symbol \Vvdash on input line 184.
LaTeX Font Info:    Redeclaring math symbol \therefore on input line 189.
LaTeX Font Info:    Redeclaring math symbol \because on input line 190.
LaTeX Font Info:    Redeclaring math symbol \measuredangle on input line 202.
LaTeX Font Info:    Redeclaring math symbol \sphericalangle on input line 203.
LaTeX Font Info:    Redeclaring math symbol \setminus on input line 218.
LaTeX Font Info:    Redeclaring math symbol \mid on input line 222.
LaTeX Font Info:    Redeclaring math symbol \forall on input line 279.
LaTeX Font Info:    Redeclaring math symbol \complement on input line 280.
LaTeX Font Info:    Redeclaring math symbol \partial on input line 281.
LaTeX Font Info:    Redeclaring math symbol \exists on input line 284.
LaTeX Font Info:    Redeclaring math symbol \nexists on input line 285.
LaTeX Font Info:    Redeclaring math symbol \Finv on input line 286.
LaTeX Font Info:    Redeclaring math symbol \Game on input line 287.
LaTeX Font Info:    Redeclaring math symbol \emptyset on input line 288.
LaTeX Font Info:    Redeclaring math symbol \top on input line 290.
LaTeX Font Info:    Redeclaring math symbol \bot on input line 291.
LaTeX Font Info:    Redeclaring math symbol \perp on input line 292.
LaTeX Font Info:    Redeclaring math symbol \curlywedge on input line 296.
LaTeX Font Info:    Redeclaring math symbol \curlyvee on input line 297.
LaTeX Font Info:    Redeclaring math symbol \in on input line 299.
LaTeX Font Info:    Redeclaring math symbol \owns on input line 300.
LaTeX Font Info:    Redeclaring math symbol \cap on input line 312.
LaTeX Font Info:    Redeclaring math symbol \cup on input line 313.
LaTeX Font Info:    Redeclaring math symbol \uplus on input line 314.
LaTeX Font Info:    Redeclaring math symbol \sqcap on input line 315.
LaTeX Font Info:    Redeclaring math symbol \sqcup on input line 316.
LaTeX Font Info:    Redeclaring math symbol \wedge on input line 318.
LaTeX Font Info:    Redeclaring math symbol \vee on input line 320.
LaTeX Font Info:    Redeclaring math symbol \barwedge on input line 327.
LaTeX Font Info:    Redeclaring math symbol \veebar on input line 328.
LaTeX Font Info:    Redeclaring math symbol \doublebarwedge on input line 329.
LaTeX Font Info:    Redeclaring math symbol \doublecap on input line 331.
LaTeX Font Info:    Redeclaring math symbol \doublecup on input line 333.
LaTeX Font Info:    Redeclaring math symbol \subset on input line 344.
LaTeX Font Info:    Redeclaring math symbol \supset on input line 345.
LaTeX Font Info:    Redeclaring math symbol \subseteq on input line 348.
LaTeX Font Info:    Redeclaring math symbol \supseteq on input line 349.
LaTeX Font Info:    Redeclaring math symbol \nsubseteq on input line 350.
LaTeX Font Info:    Redeclaring math symbol \nsupseteq on input line 351.
LaTeX Font Info:    Redeclaring math symbol \subsetneq on input line 352.
LaTeX Font Info:    Redeclaring math symbol \supsetneq on input line 353.
LaTeX Font Info:    Redeclaring math symbol \varsubsetneq on input line 354.
LaTeX Font Info:    Redeclaring math symbol \varsupsetneq on input line 355.
LaTeX Font Info:    Redeclaring math symbol \subseteqq on input line 357.
LaTeX Font Info:    Redeclaring math symbol \supseteqq on input line 358.
LaTeX Font Info:    Redeclaring math symbol \nsubseteqq on input line 359.
LaTeX Font Info:    Redeclaring math symbol \nsupseteqq on input line 360.
LaTeX Font Info:    Redeclaring math symbol \subsetneqq on input line 361.
LaTeX Font Info:    Redeclaring math symbol \supsetneqq on input line 362.
LaTeX Font Info:    Redeclaring math symbol \varsubsetneqq on input line 363.
LaTeX Font Info:    Redeclaring math symbol \varsupsetneqq on input line 364.
LaTeX Font Info:    Redeclaring math symbol \Subset on input line 366.
LaTeX Font Info:    Redeclaring math symbol \Supset on input line 367.
LaTeX Font Info:    Redeclaring math symbol \sqsubseteq on input line 380.
LaTeX Font Info:    Redeclaring math symbol \sqsupseteq on input line 381.
LaTeX Font Info:    Redeclaring math symbol \triangleleft on input line 407.
LaTeX Font Info:    Redeclaring math symbol \vartriangleleft on input line 408.

LaTeX Font Info:    Redeclaring math symbol \triangleright on input line 409.
LaTeX Font Info:    Redeclaring math symbol \vartriangleright on input line 410
.
LaTeX Font Info:    Redeclaring math symbol \ntriangleleft on input line 411.
LaTeX Font Info:    Redeclaring math symbol \ntriangleright on input line 412.
LaTeX Font Info:    Redeclaring math symbol \trianglelefteq on input line 413.
LaTeX Font Info:    Redeclaring math symbol \trianglerighteq on input line 414.

LaTeX Font Info:    Redeclaring math symbol \ntrianglelefteq on input line 415.

LaTeX Font Info:    Redeclaring math symbol \ntrianglerighteq on input line 416
.
LaTeX Font Info:    Redeclaring math symbol \blacktriangledown on input line 42
7.
LaTeX Font Info:    Redeclaring math symbol \blacktriangleleft on input line 42
8.
LaTeX Font Info:    Redeclaring math symbol \blacktriangleright on input line 4
29.
LaTeX Font Info:    Redeclaring math symbol \nless on input line 437.
LaTeX Font Info:    Redeclaring math symbol \ngtr on input line 438.
LaTeX Font Info:    Redeclaring math symbol \leq on input line 439.
LaTeX Font Info:    Redeclaring math symbol \geq on input line 441.
LaTeX Font Info:    Redeclaring math symbol \nleq on input line 443.
LaTeX Font Info:    Redeclaring math symbol \ngeq on input line 445.
LaTeX Font Info:    Redeclaring math symbol \lneq on input line 451.
LaTeX Font Info:    Redeclaring math symbol \gneq on input line 452.
LaTeX Font Info:    Redeclaring math symbol \leqq on input line 453.
LaTeX Font Info:    Redeclaring math symbol \geqq on input line 454.
LaTeX Font Info:    Redeclaring math symbol \nleqq on input line 455.
LaTeX Font Info:    Redeclaring math symbol \ngeqq on input line 456.
LaTeX Font Info:    Redeclaring math symbol \lneqq on input line 457.
LaTeX Font Info:    Redeclaring math symbol \gneqq on input line 458.
LaTeX Font Info:    Redeclaring math symbol \lvertneqq on input line 459.
LaTeX Font Info:    Redeclaring math symbol \gvertneqq on input line 460.
LaTeX Font Info:    Redeclaring math symbol \eqslantless on input line 461.
LaTeX Font Info:    Redeclaring math symbol \eqslantgtr on input line 462.
LaTeX Font Info:    Redeclaring math symbol \lessgtr on input line 465.
LaTeX Font Info:    Redeclaring math symbol \gtrless on input line 466.
LaTeX Font Info:    Redeclaring math symbol \lesseqgtr on input line 467.
LaTeX Font Info:    Redeclaring math symbol \gtreqless on input line 468.
LaTeX Font Info:    Redeclaring math symbol \lesseqqgtr on input line 469.
LaTeX Font Info:    Redeclaring math symbol \gtreqqless on input line 470.
LaTeX Font Info:    Redeclaring math symbol \lesssim on input line 472.
LaTeX Font Info:    Redeclaring math symbol \gtrsim on input line 473.
LaTeX Font Info:    Redeclaring math symbol \lnsim on input line 476.
LaTeX Font Info:    Redeclaring math symbol \gnsim on input line 477.
LaTeX Font Info:    Redeclaring math symbol \lessapprox on input line 478.
LaTeX Font Info:    Redeclaring math symbol \gtrapprox on input line 479.
LaTeX Font Info:    Redeclaring math symbol \lnapprox on input line 482.
LaTeX Font Info:    Redeclaring math symbol \gnapprox on input line 483.
LaTeX Font Info:    Redeclaring math symbol \lessdot on input line 485.
LaTeX Font Info:    Redeclaring math symbol \gtrdot on input line 486.
LaTeX Font Info:    Redeclaring math symbol \lll on input line 488.
LaTeX Font Info:    Redeclaring math symbol \ggg on input line 489.
LaTeX Font Info:    Redeclaring math symbol \prec on input line 498.
LaTeX Font Info:    Redeclaring math symbol \succ on input line 499.
LaTeX Font Info:    Redeclaring math symbol \nprec on input line 500.
LaTeX Font Info:    Redeclaring math symbol \nsucc on input line 501.
LaTeX Font Info:    Redeclaring math symbol \preccurlyeq on input line 502.
LaTeX Font Info:    Redeclaring math symbol \succcurlyeq on input line 503.
LaTeX Font Info:    Redeclaring math symbol \preceq on input line 506.
LaTeX Font Info:    Redeclaring math symbol \succeq on input line 507.
LaTeX Font Info:    Redeclaring math symbol \npreceq on input line 508.
LaTeX Font Info:    Redeclaring math symbol \nsucceq on input line 509.
LaTeX Font Info:    Redeclaring math symbol \curlyeqprec on input line 512.
LaTeX Font Info:    Redeclaring math symbol \curlyeqsucc on input line 513.
LaTeX Font Info:    Redeclaring math symbol \precsim on input line 517.
LaTeX Font Info:    Redeclaring math symbol \succsim on input line 518.
LaTeX Font Info:    Redeclaring math symbol \precnsim on input line 521.
LaTeX Font Info:    Redeclaring math symbol \succnsim on input line 522.
LaTeX Font Info:    Redeclaring math symbol \precapprox on input line 523.
LaTeX Font Info:    Redeclaring math symbol \succapprox on input line 524.
LaTeX Font Info:    Redeclaring math symbol \precnapprox on input line 527.
LaTeX Font Info:    Redeclaring math symbol \succnapprox on input line 528.
LaTeX Font Info:    Redeclaring math symbol \leftarrow on input line 540.
LaTeX Font Info:    Redeclaring math symbol \rightarrow on input line 542.
LaTeX Font Info:    Redeclaring math symbol \nwarrow on input line 546.
LaTeX Font Info:    Redeclaring math symbol \nearrow on input line 547.
LaTeX Font Info:    Redeclaring math symbol \swarrow on input line 548.
LaTeX Font Info:    Redeclaring math symbol \searrow on input line 549.
LaTeX Font Info:    Redeclaring math symbol \leftrightarrow on input line 550.
LaTeX Font Info:    Redeclaring math symbol \nleftarrow on input line 552.
LaTeX Font Info:    Redeclaring math symbol \nrightarrow on input line 553.
LaTeX Font Info:    Redeclaring math symbol \nleftrightarrow on input line 554.

LaTeX Font Info:    Redeclaring math symbol \mapstochar on input line 557.
LaTeX Font Info:    Redeclaring math symbol \leftharpoonup on input line 560.
LaTeX Font Info:    Redeclaring math symbol \rightharpoonup on input line 561.
LaTeX Font Info:    Redeclaring math symbol \leftharpoondown on input line 562.

LaTeX Font Info:    Redeclaring math symbol \rightharpoondown on input line 563
.
LaTeX Font Info:    Redeclaring math symbol \upharpoonleft on input line 564.
LaTeX Font Info:    Redeclaring math symbol \downharpoonleft on input line 565.

LaTeX Font Info:    Redeclaring math symbol \upharpoonright on input line 566.
LaTeX Font Info:    Redeclaring math symbol \restriction on input line 567.
LaTeX Font Info:    Redeclaring math symbol \downharpoonright on input line 568
.
LaTeX Font Info:    Redeclaring math symbol \leftrightharpoons on input line 56
9.
LaTeX Font Info:    Redeclaring math symbol \Leftarrow on input line 575.
LaTeX Font Info:    Redeclaring math symbol \Rightarrow on input line 576.
LaTeX Font Info:    Redeclaring math symbol \Leftrightarrow on input line 579.
LaTeX Font Info:    Redeclaring math symbol \nLeftarrow on input line 581.
LaTeX Font Info:    Redeclaring math symbol \nRightarrow on input line 582.
LaTeX Font Info:    Redeclaring math symbol \nLeftrightarrow on input line 583.

LaTeX Font Info:    Redeclaring math symbol \leftleftarrows on input line 593.
LaTeX Font Info:    Redeclaring math symbol \rightrightarrows on input line 594
.
LaTeX Font Info:    Redeclaring math symbol \upuparrows on input line 595.
LaTeX Font Info:    Redeclaring math symbol \downdownarrows on input line 596.
LaTeX Font Info:    Redeclaring math symbol \leftrightarrows on input line 597.

LaTeX Font Info:    Redeclaring math symbol \rightleftarrows on input line 598.

LaTeX Font Info:    Redeclaring math symbol \rhook on input line 612.
LaTeX Font Info:    Redeclaring math symbol \lhook on input line 613.
LaTeX Font Info:    Redeclaring math symbol \diagup on input line 614.
LaTeX Font Info:    Redeclaring math symbol \diagdown on input line 615.
LaTeX Font Info:    Redeclaring math symbol \Lsh on input line 617.
LaTeX Font Info:    Redeclaring math symbol \Rsh on input line 619.
LaTeX Font Info:    Redeclaring math symbol \looparrowleft on input line 624.
LaTeX Font Info:    Redeclaring math symbol \looparrowright on input line 626.
LaTeX Font Info:    Redeclaring math symbol \curvearrowleft on input line 631.
LaTeX Font Info:    Redeclaring math symbol \curvearrowright on input line 633.

LaTeX Font Info:    Redeclaring math symbol \circlearrowleft on input line 641.

LaTeX Font Info:    Redeclaring math symbol \circlearrowright on input line 642
.
LaTeX Font Info:    Redeclaring math symbol \rightsquigarrow on input line 645.

LaTeX Font Info:    Redeclaring math symbol \leftrightsquigarrow on input line 
646.
LaTeX Font Info:    Redeclaring math symbol \oplus on input line 658.
LaTeX Font Info:    Redeclaring math symbol \ominus on input line 659.
LaTeX Font Info:    Redeclaring math symbol \otimes on input line 661.
LaTeX Font Info:    Redeclaring math symbol \odot on input line 663.
LaTeX Font Info:    Redeclaring math symbol \oslash on input line 675.
LaTeX Font Info:    Redeclaring math symbol \boxplus on input line 683.
LaTeX Font Info:    Redeclaring math symbol \boxminus on input line 684.
LaTeX Font Info:    Redeclaring math symbol \boxtimes on input line 686.
LaTeX Font Info:    Redeclaring math symbol \boxdot on input line 688.
\mayacnter=\count135
\mayacnta=\count136
\mayacntb=\count137
\mayacntc=\count138
\mayawidth=\dimen160
LaTeX Font Info:    Redeclaring math symbol \intop on input line 753.
LaTeX Font Info:    Redeclaring math symbol \ointop on input line 760.
LaTeX Font Info:    Redeclaring math delimiter \lbrace on input line 842.
LaTeX Info: Redefining \{ on input line 846.
LaTeX Font Info:    Redeclaring math delimiter \rbrace on input line 848.
LaTeX Info: Redefining \} on input line 852.
LaTeX Font Info:    Redeclaring math delimiter \langle on input line 858.
LaTeX Font Info:    Redeclaring math delimiter \rangle on input line 859.
LaTeX Font Info:    Redeclaring math delimiter \vert on input line 863.
LaTeX Font Info:    Redeclaring math delimiter \Vert on input line 865.
LaTeX Font Info:    Redeclaring math delimiter \uparrow on input line 868.
LaTeX Font Info:    Redeclaring math delimiter \downarrow on input line 869.
LaTeX Font Info:    Redeclaring math delimiter \updownarrow on input line 870.
LaTeX Font Info:    Redeclaring math delimiter \Uparrow on input line 871.
LaTeX Font Info:    Redeclaring math delimiter \Downarrow on input line 872.
LaTeX Font Info:    Redeclaring math delimiter \Updownarrow on input line 873.
LaTeX Font Info:    Redeclaring math delimiter \lgroup on input line 880.
LaTeX Font Info:    Redeclaring math delimiter \rgroup on input line 881.
LaTeX Font Info:    Redeclaring math delimiter \lceil on input line 882.
LaTeX Font Info:    Redeclaring math delimiter \rceil on input line 883.
LaTeX Font Info:    Redeclaring math delimiter \lfloor on input line 884.
LaTeX Font Info:    Redeclaring math delimiter \rfloor on input line 885.
LaTeX Font Info:    Redeclaring math symbol \braceld on input line 903.
LaTeX Font Info:    Redeclaring math symbol \bracerd on input line 905.
LaTeX Font Info:    Redeclaring math symbol \bracelu on input line 907.
LaTeX Font Info:    Redeclaring math symbol \braceru on input line 909.
LaTeX Font Info:    Redeclaring math accent \widehat on input line 944.
LaTeX Font Info:    Redeclaring math accent \widetilde on input line 946.
))
("C:\Program Files (x86)\MiKTeX 2.9\tex\latex\was\upgreek.sty"
Package: upgreek 2003/02/12 v2.0 (WaS)
Package upgreek Info: Using Euler Roman for upright Greek on input line 31.
\symugrf@m=\mathgroup9
LaTeX Font Info:    Overwriting symbol font `ugrf@m' in version `bold'
(Font)                  U/eur/m/n --> U/eur/b/n on input line 38.
)
("C:\Program Files (x86)\MiKTeX 2.9\tex\latex\pgf\frontendlayer\tikz.sty"
("C:\Program Files (x86)\MiKTeX 2.9\tex\latex\pgf\basiclayer\pgf.sty"
("C:\Program Files (x86)\MiKTeX 2.9\tex\latex\pgf\utilities\pgfrcs.sty"
("C:\Program Files (x86)\MiKTeX 2.9\tex\generic\pgf\utilities\pgfutil-common.te
x"
\pgfutil@everybye=\toks27
\pgfutil@tempdima=\dimen161
\pgfutil@tempdimb=\dimen162

("C:\Program Files (x86)\MiKTeX 2.9\tex\generic\pgf\utilities\pgfutil-common-li
sts.tex"))
("C:\Program Files (x86)\MiKTeX 2.9\tex\generic\pgf\utilities\pgfutil-latex.def
"
\pgfutil@abb=\box45
 ("C:\Program Files (x86)\MiKTeX 2.9\tex\latex\ms\everyshi.sty"
Package: everyshi 2001/05/15 v3.00 EveryShipout Package (MS)
))
("C:\Program Files (x86)\MiKTeX 2.9\tex\generic\pgf\utilities\pgfrcs.code.tex"
Package: pgfrcs 2013/12/20 v3.0.0 (rcs-revision 1.28)
))
Package: pgf 2013/12/18 v3.0.0 (rcs-revision 1.14)
 ("C:\Program Files (x86)\MiKTeX 2.9\tex\latex\pgf\basiclayer\pgfcore.sty"
("C:\Program Files (x86)\MiKTeX 2.9\tex\latex\pgf\systemlayer\pgfsys.sty"
("C:\Program Files (x86)\MiKTeX 2.9\tex\generic\pgf\systemlayer\pgfsys.code.tex
"
Package: pgfsys 2013/11/30 v3.0.0 (rcs-revision 1.47)
 ("C:\Program Files (x86)\MiKTeX 2.9\tex\generic\pgf\utilities\pgfkeys.code.tex
"
\pgfkeys@pathtoks=\toks28
\pgfkeys@temptoks=\toks29

("C:\Program Files (x86)\MiKTeX 2.9\tex\generic\pgf\utilities\pgfkeysfiltered.c
ode.tex"
\pgfkeys@tmptoks=\toks30
))
\pgf@x=\dimen163
\pgf@y=\dimen164
\pgf@xa=\dimen165
\pgf@ya=\dimen166
\pgf@xb=\dimen167
\pgf@yb=\dimen168
\pgf@xc=\dimen169
\pgf@yc=\dimen170
\w@pgf@writea=\write3
\r@pgf@reada=\read1
\c@pgf@counta=\count139
\c@pgf@countb=\count140
\c@pgf@countc=\count141
\c@pgf@countd=\count142
\t@pgf@toka=\toks31
\t@pgf@tokb=\toks32
\t@pgf@tokc=\toks33

("C:\Program Files (x86)\MiKTeX 2.9\tex\generic\pgf\systemlayer\pgf.cfg"
File: pgf.cfg 2008/05/14  (rcs-revision 1.7)
)
Driver file for pgf: pgfsys-pdftex.def

("C:\Program Files (x86)\MiKTeX 2.9\tex\generic\pgf\systemlayer\pgfsys-pdftex.d
ef"
File: pgfsys-pdftex.def 2013/07/18  (rcs-revision 1.33)

("C:\Program Files (x86)\MiKTeX 2.9\tex\generic\pgf\systemlayer\pgfsys-common-p
df.def"
File: pgfsys-common-pdf.def 2013/10/10  (rcs-revision 1.13)
)))
("C:\Program Files (x86)\MiKTeX 2.9\tex\generic\pgf\systemlayer\pgfsyssoftpath.
code.tex"
File: pgfsyssoftpath.code.tex 2013/09/09  (rcs-revision 1.9)
\pgfsyssoftpath@smallbuffer@items=\count143
\pgfsyssoftpath@bigbuffer@items=\count144
)
("C:\Program Files (x86)\MiKTeX 2.9\tex\generic\pgf\systemlayer\pgfsysprotocol.
code.tex"
File: pgfsysprotocol.code.tex 2006/10/16  (rcs-revision 1.4)
)) ("C:\Program Files (x86)\MiKTeX 2.9\tex\latex\xcolor\xcolor.sty"
Package: xcolor 2007/01/21 v2.11 LaTeX color extensions (UK)

("C:\Program Files (x86)\MiKTeX 2.9\tex\latex\00miktex\color.cfg"
File: color.cfg 2007/01/18 v1.5 color configuration of teTeX/TeXLive
)
Package xcolor Info: Driver file: pdftex.def on input line 225.
Package xcolor Info: Model `cmy' substituted by `cmy0' on input line 1337.
Package xcolor Info: Model `hsb' substituted by `rgb' on input line 1341.
Package xcolor Info: Model `RGB' extended on input line 1353.
Package xcolor Info: Model `HTML' substituted by `rgb' on input line 1355.
Package xcolor Info: Model `Hsb' substituted by `hsb' on input line 1356.
Package xcolor Info: Model `tHsb' substituted by `hsb' on input line 1357.
Package xcolor Info: Model `HSB' substituted by `hsb' on input line 1358.
Package xcolor Info: Model `Gray' substituted by `gray' on input line 1359.
Package xcolor Info: Model `wave' substituted by `hsb' on input line 1360.
)
("C:\Program Files (x86)\MiKTeX 2.9\tex\generic\pgf\basiclayer\pgfcore.code.tex
"
Package: pgfcore 2010/04/11 v3.0.0 (rcs-revision 1.7)
 ("C:\Program Files (x86)\MiKTeX 2.9\tex\generic\pgf\math\pgfmath.code.tex"
("C:\Program Files (x86)\MiKTeX 2.9\tex\generic\pgf\math\pgfmathcalc.code.tex"
("C:\Program Files (x86)\MiKTeX 2.9\tex\generic\pgf\math\pgfmathutil.code.tex")
("C:\Program Files (x86)\MiKTeX 2.9\tex\generic\pgf\math\pgfmathparser.code.tex
"
\pgfmath@dimen=\dimen171
\pgfmath@count=\count145
\pgfmath@box=\box46
\pgfmath@toks=\toks34
\pgfmath@stack@operand=\toks35
\pgfmath@stack@operation=\toks36
)
("C:\Program Files (x86)\MiKTeX 2.9\tex\generic\pgf\math\pgfmathfunctions.code.
tex"
("C:\Program Files (x86)\MiKTeX 2.9\tex\generic\pgf\math\pgfmathfunctions.basic
.code.tex")
("C:\Program Files (x86)\MiKTeX 2.9\tex\generic\pgf\math\pgfmathfunctions.trigo
nometric.code.tex")
("C:\Program Files (x86)\MiKTeX 2.9\tex\generic\pgf\math\pgfmathfunctions.rando
m.code.tex")
("C:\Program Files (x86)\MiKTeX 2.9\tex\generic\pgf\math\pgfmathfunctions.compa
rison.code.tex")
("C:\Program Files (x86)\MiKTeX 2.9\tex\generic\pgf\math\pgfmathfunctions.base.
code.tex")
("C:\Program Files (x86)\MiKTeX 2.9\tex\generic\pgf\math\pgfmathfunctions.round
.code.tex")
("C:\Program Files (x86)\MiKTeX 2.9\tex\generic\pgf\math\pgfmathfunctions.misc.
code.tex")
("C:\Program Files (x86)\MiKTeX 2.9\tex\generic\pgf\math\pgfmathfunctions.integ
erarithmetics.code.tex")))
("C:\Program Files (x86)\MiKTeX 2.9\tex\generic\pgf\math\pgfmathfloat.code.tex"
\c@pgfmathroundto@lastzeros=\count146
))
("C:\Program Files (x86)\MiKTeX 2.9\tex\generic\pgf\basiclayer\pgfcorepoints.co
de.tex"
File: pgfcorepoints.code.tex 2013/10/07  (rcs-revision 1.27)
\pgf@picminx=\dimen172
\pgf@picmaxx=\dimen173
\pgf@picminy=\dimen174
\pgf@picmaxy=\dimen175
\pgf@pathminx=\dimen176
\pgf@pathmaxx=\dimen177
\pgf@pathminy=\dimen178
\pgf@pathmaxy=\dimen179
\pgf@xx=\dimen180
\pgf@xy=\dimen181
\pgf@yx=\dimen182
\pgf@yy=\dimen183
\pgf@zx=\dimen184
\pgf@zy=\dimen185
)
("C:\Program Files (x86)\MiKTeX 2.9\tex\generic\pgf\basiclayer\pgfcorepathconst
ruct.code.tex"
File: pgfcorepathconstruct.code.tex 2013/10/07  (rcs-revision 1.29)
\pgf@path@lastx=\dimen186
\pgf@path@lasty=\dimen187
)
("C:\Program Files (x86)\MiKTeX 2.9\tex\generic\pgf\basiclayer\pgfcorepathusage
.code.tex"
File: pgfcorepathusage.code.tex 2013/12/13  (rcs-revision 1.23)
\pgf@shorten@end@additional=\dimen188
\pgf@shorten@start@additional=\dimen189
)
("C:\Program Files (x86)\MiKTeX 2.9\tex\generic\pgf\basiclayer\pgfcorescopes.co
de.tex"
File: pgfcorescopes.code.tex 2013/10/09  (rcs-revision 1.44)
\pgfpic=\box47
\pgf@hbox=\box48
\pgf@layerbox@main=\box49
\pgf@picture@serial@count=\count147
)
("C:\Program Files (x86)\MiKTeX 2.9\tex\generic\pgf\basiclayer\pgfcoregraphicst
ate.code.tex"
File: pgfcoregraphicstate.code.tex 2013/09/19  (rcs-revision 1.11)
\pgflinewidth=\dimen190
)
("C:\Program Files (x86)\MiKTeX 2.9\tex\generic\pgf\basiclayer\pgfcoretransform
ations.code.tex"
File: pgfcoretransformations.code.tex 2013/10/10  (rcs-revision 1.17)
\pgf@pt@x=\dimen191
\pgf@pt@y=\dimen192
\pgf@pt@temp=\dimen193
)
("C:\Program Files (x86)\MiKTeX 2.9\tex\generic\pgf\basiclayer\pgfcorequick.cod
e.tex"
File: pgfcorequick.code.tex 2008/10/09  (rcs-revision 1.3)
)
("C:\Program Files (x86)\MiKTeX 2.9\tex\generic\pgf\basiclayer\pgfcoreobjects.c
ode.tex"
File: pgfcoreobjects.code.tex 2006/10/11  (rcs-revision 1.2)
)
("C:\Program Files (x86)\MiKTeX 2.9\tex\generic\pgf\basiclayer\pgfcorepathproce
ssing.code.tex"
File: pgfcorepathprocessing.code.tex 2013/09/09  (rcs-revision 1.9)
)
("C:\Program Files (x86)\MiKTeX 2.9\tex\generic\pgf\basiclayer\pgfcorearrows.co
de.tex"
File: pgfcorearrows.code.tex 2013/11/07  (rcs-revision 1.40)
\pgfarrowsep=\dimen194
)
("C:\Program Files (x86)\MiKTeX 2.9\tex\generic\pgf\basiclayer\pgfcoreshade.cod
e.tex"
File: pgfcoreshade.code.tex 2013/07/15  (rcs-revision 1.15)
\pgf@max=\dimen195
\pgf@sys@shading@range@num=\count148
)
("C:\Program Files (x86)\MiKTeX 2.9\tex\generic\pgf\basiclayer\pgfcoreimage.cod
e.tex"
File: pgfcoreimage.code.tex 2013/07/15  (rcs-revision 1.18)

("C:\Program Files (x86)\MiKTeX 2.9\tex\generic\pgf\basiclayer\pgfcoreexternal.
code.tex"
File: pgfcoreexternal.code.tex 2013/07/15  (rcs-revision 1.20)
\pgfexternal@startupbox=\box50
))
("C:\Program Files (x86)\MiKTeX 2.9\tex\generic\pgf\basiclayer\pgfcorelayers.co
de.tex"
File: pgfcorelayers.code.tex 2013/07/18  (rcs-revision 1.7)
)
("C:\Program Files (x86)\MiKTeX 2.9\tex\generic\pgf\basiclayer\pgfcoretranspare
ncy.code.tex"
File: pgfcoretransparency.code.tex 2013/09/30  (rcs-revision 1.5)
)
("C:\Program Files (x86)\MiKTeX 2.9\tex\generic\pgf\basiclayer\pgfcorepatterns.
code.tex"
File: pgfcorepatterns.code.tex 2013/11/07  (rcs-revision 1.5)
)))
("C:\Program Files (x86)\MiKTeX 2.9\tex\generic\pgf\modules\pgfmoduleshapes.cod
e.tex"
File: pgfmoduleshapes.code.tex 2013/10/31  (rcs-revision 1.34)
\pgfnodeparttextbox=\box51
)
("C:\Program Files (x86)\MiKTeX 2.9\tex\generic\pgf\modules\pgfmoduleplot.code.
tex"
File: pgfmoduleplot.code.tex 2013/07/31  (rcs-revision 1.12)
)
("C:\Program Files (x86)\MiKTeX 2.9\tex\latex\pgf\compatibility\pgfcomp-version
-0-65.sty"
Package: pgfcomp-version-0-65 2007/07/03 v3.0.0 (rcs-revision 1.7)
\pgf@nodesepstart=\dimen196
\pgf@nodesepend=\dimen197
)
("C:\Program Files (x86)\MiKTeX 2.9\tex\latex\pgf\compatibility\pgfcomp-version
-1-18.sty"
Package: pgfcomp-version-1-18 2007/07/23 v3.0.0 (rcs-revision 1.1)
))
("C:\Program Files (x86)\MiKTeX 2.9\tex\latex\pgf\utilities\pgffor.sty"
("C:\Program Files (x86)\MiKTeX 2.9\tex\latex\pgf\utilities\pgfkeys.sty"
("C:\Program Files (x86)\MiKTeX 2.9\tex\generic\pgf\utilities\pgfkeys.code.tex"
)) ("C:\Program Files (x86)\MiKTeX 2.9\tex\latex\pgf\math\pgfmath.sty"
("C:\Program Files (x86)\MiKTeX 2.9\tex\generic\pgf\math\pgfmath.code.tex"))
("C:\Program Files (x86)\MiKTeX 2.9\tex\generic\pgf\utilities\pgffor.code.tex"
Package: pgffor 2013/12/13 v3.0.0 (rcs-revision 1.25)

("C:\Program Files (x86)\MiKTeX 2.9\tex\generic\pgf\math\pgfmath.code.tex")
\pgffor@iter=\dimen198
\pgffor@skip=\dimen199
\pgffor@stack=\toks37
\pgffor@toks=\toks38
))
("C:\Program Files (x86)\MiKTeX 2.9\tex\generic\pgf\frontendlayer\tikz\tikz.cod
e.tex"
Package: tikz 2013/12/13 v3.0.0 (rcs-revision 1.142)

("C:\Program Files (x86)\MiKTeX 2.9\tex\generic\pgf\libraries\pgflibraryplothan
dlers.code.tex"
File: pgflibraryplothandlers.code.tex 2013/08/31 v3.0.0 (rcs-revision 1.20)
\pgf@plot@mark@count=\count149
\pgfplotmarksize=\dimen200
)
\tikz@lastx=\dimen201
Normal \dimen register pool exhausted, switching to extended pool.
\tikz@lasty=\dimen256
\tikz@lastxsaved=\dimen257
\tikz@lastysaved=\dimen258
\tikzleveldistance=\dimen259
\tikzsiblingdistance=\dimen260
\tikz@figbox=\box52
\tikz@figbox@bg=\box53
\tikz@tempbox=\box54
\tikz@tempbox@bg=\box55
\tikztreelevel=\count150
\tikznumberofchildren=\count151
\tikznumberofcurrentchild=\count152
\tikz@fig@count=\count153

("C:\Program Files (x86)\MiKTeX 2.9\tex\generic\pgf\modules\pgfmodulematrix.cod
e.tex"
File: pgfmodulematrix.code.tex 2013/09/17  (rcs-revision 1.8)
\pgfmatrixcurrentrow=\count154
\pgfmatrixcurrentcolumn=\count155
\pgf@matrix@numberofcolumns=\count156
)
\tikz@expandcount=\count157

("C:\Program Files (x86)\MiKTeX 2.9\tex\generic\pgf\frontendlayer\tikz\librarie
s\tikzlibrarytopaths.code.tex"
File: tikzlibrarytopaths.code.tex 2008/06/17 v3.0.0 (rcs-revision 1.2)
)))
("C:\Program Files (x86)\MiKTeX 2.9\tex\generic\pgf\frontendlayer\tikz\librarie
s\tikzlibraryautomata.code.tex"
File: tikzlibraryautomata.code.tex 2008/07/14 v3.0.0 (rcs-revision 1.3)

("C:\Program Files (x86)\MiKTeX 2.9\tex\generic\pgf\frontendlayer\tikz\librarie
s\tikzlibraryshapes.multipart.code.tex"
File: tikzlibraryshapes.multipart.code.tex 2008/01/09 v3.0.0 (rcs-revision 1.1)


("C:\Program Files (x86)\MiKTeX 2.9\tex\generic\pgf\libraries\shapes\pgflibrary
shapes.multipart.code.tex"
File: pgflibraryshapes.multipart.code.tex 2010/01/07 v3.0.0 (rcs-revision 1.2)
\pgfnodepartlowerbox=\box56
\pgfnodeparttwobox=\box57
\pgfnodepartthreebox=\box58
\pgfnodepartfourbox=\box59
\pgfnodeparttwentybox=\box60
\pgfnodepartnineteenbox=\box61
\pgfnodeparteighteenbox=\box62
\pgfnodepartseventeenbox=\box63
\pgfnodepartsixteenbox=\box64
\pgfnodepartfifteenbox=\box65
\pgfnodepartfourteenbox=\box66
\pgfnodepartthirteenbox=\box67
\pgfnodeparttwelvebox=\box68
\pgfnodepartelevenbox=\box69
\pgfnodeparttenbox=\box70
\pgfnodepartninebox=\box71
\pgfnodeparteightbox=\box72
\pgfnodepartsevenbox=\box73
\pgfnodepartsixbox=\box74
\pgfnodepartfivebox=\box75
)))
("C:\Program Files (x86)\MiKTeX 2.9\tex\generic\pgf\frontendlayer\tikz\librarie
s\tikzlibraryarrows.code.tex"
File: tikzlibraryarrows.code.tex 2008/01/09 v3.0.0 (rcs-revision 1.1)

("C:\Program Files (x86)\MiKTeX 2.9\tex\generic\pgf\libraries\pgflibraryarrows.
code.tex"
File: pgflibraryarrows.code.tex 2013/09/23 v3.0.0 (rcs-revision 1.16)
\arrowsize=\dimen261
))
("C:\Program Files (x86)\MiKTeX 2.9\tex\generic\pgf\frontendlayer\tikz\librarie
s\tikzlibrarymatrix.code.tex"
File: tikzlibrarymatrix.code.tex 2013/07/12 v3.0.0 (rcs-revision 1.4)
)
\c@mydef=\count158


LaTeX Warning: Unused global option(s):
    [11.5pt].

(C:\Users\Chanelle\Documents\GitHub\quivers\quivers.aux

LaTeX Warning: Label `longexactseqcochainrem' multiply defined.

)
LaTeX Font Info:    Checking defaults for OML/cmm/m/it on input line 26.
LaTeX Font Info:    ... okay on input line 26.
LaTeX Font Info:    Checking defaults for T1/cmr/m/n on input line 26.
LaTeX Font Info:    ... okay on input line 26.
LaTeX Font Info:    Checking defaults for OT1/cmr/m/n on input line 26.
LaTeX Font Info:    ... okay on input line 26.
LaTeX Font Info:    Checking defaults for OMS/cmsy/m/n on input line 26.
LaTeX Font Info:    ... okay on input line 26.
LaTeX Font Info:    Checking defaults for OMX/cmex/m/n on input line 26.
LaTeX Font Info:    ... okay on input line 26.
LaTeX Font Info:    Checking defaults for U/mathx/m/n on input line 26.
LaTeX Font Info:    ... okay on input line 26.
LaTeX Font Info:    Checking defaults for TS1/cmr/m/n on input line 26.
LaTeX Font Info:    Try loading font information for TS1+cmr on input line 26.
 ("C:\Program Files (x86)\MiKTeX 2.9\tex\latex\base\ts1cmr.fd"
File: ts1cmr.fd 1999/05/25 v2.5h Standard LaTeX font definitions
)
LaTeX Font Info:    ... okay on input line 26.

("C:\Program Files (x86)\MiKTeX 2.9\tex\context\base\supp-pdf.mkii"
[Loading MPS to PDF converter (version 2006.09.02).]
\scratchcounter=\count159
\scratchdimen=\dimen262
\scratchbox=\box76
\nofMPsegments=\count160
\nofMParguments=\count161
\everyMPshowfont=\toks39
\MPscratchCnt=\count162
\MPscratchDim=\dimen263
\MPnumerator=\count163
\makeMPintoPDFobject=\count164
\everyMPtoPDFconversion=\toks40
) ABD: EveryShipout initializing macros
LaTeX Font Info:    Try loading font information for U+msa on input line 30.

("C:\Program Files (x86)\MiKTeX 2.9\tex\latex\amsfonts\umsa.fd"
File: umsa.fd 2013/01/14 v3.01 AMS symbols A
)
LaTeX Font Info:    Try loading font information for U+msb on input line 30.

("C:\Program Files (x86)\MiKTeX 2.9\tex\latex\amsfonts\umsb.fd"
File: umsb.fd 2013/01/14 v3.01 AMS symbols B
) [1

{C:/ProgramData/MiKTeX/2.9/pdftex/config/pdftex.map}]
(C:\Users\Chanelle\Documents\GitHub\quivers\quivers.toc)
\tf@toc=\write4
 [2

]
Chapter 1.
[3

]
Chapter 2.
[4

] [5] [6]

LaTeX Warning: Reference `kchaineg' on page 7 undefined on input line 285.

[7]
LaTeX Font Info:    Calculating math sizes for size <6.99826> on input line 313
.


LaTeX Font Warning: Font shape `OT1/cmr/m/n' in size <3.49913> not available
(Font)              size <5> substituted on input line 313.


LaTeX Font Warning: Font shape `OML/cmm/m/it' in size <3.49913> not available
(Font)              size <5> substituted on input line 313.


LaTeX Font Warning: Font shape `OMS/cmsy/m/n' in size <3.49913> not available
(Font)              size <5> substituted on input line 313.


LaTeX Font Warning: Font shape `OT1/cmr/bx/n' in size <3.49913> not available
(Font)              size <5> substituted on input line 313.


LaTeX Font Warning: Font shape `U/matha/m/n' in size <3.49913> not available
(Font)              size <5> substituted on input line 313.


LaTeX Font Warning: Font shape `U/mathb/m/n' in size <3.49913> not available
(Font)              size <5> substituted on input line 313.


LaTeX Font Warning: Font shape `U/mathx/m/n' in size <3.49913> not available
(Font)              size <5> substituted on input line 313.

[8] [9]
Overfull \hbox (29.45302pt too wide) detected at line 461
[]
 []

[10] [11] [12] [13] [14] [15] [16] [17] [18]
Underfull \vbox (badness 4518) has occurred while \output is active []

 [19]
Underfull \hbox (badness 10000) in paragraph at lines 1233--1235

 []


Underfull \hbox (badness 10000) in paragraph at lines 1248--1250

 []

[20] [21]
Overfull \hbox (0.98857pt too wide) detected at line 1364
[] [] \OML/cmm/m/it/10 H[]\U/matha/m/n/10 p\OT1/cmr/bx/n/10 E\U/matha/m/n/10 q 
[] \OML/cmm/m/it/10 H[]\U/matha/m/n/10 p\OT1/cmr/bx/n/10 C\U/matha/m/n/10 q [] 
\OML/cmm/m/it/10 H[]\U/matha/m/n/10 p\OT1/cmr/bx/n/10 D\U/matha/m/n/10 q [] \OM
L/cmm/m/it/10 H[]\U/matha/m/n/10 p\OT1/cmr/bx/n/10 E\U/matha/m/n/10 q [] \OML/c
mm/m/it/10 H[]\U/matha/m/n/10 p\OT1/cmr/bx/n/10 C\U/matha/m/n/10 q [] \OML/cmm/
m/it/10 H[]\U/matha/m/n/10 p\OT1/cmr/bx/n/10 D\U/matha/m/n/10 q [] []
 []

[22] [23] [24] [25] [26]
Overfull \hbox (7.78891pt too wide) detected at line 1695
[] [] \OML/cmm/m/it/10 H[]\U/matha/m/n/10 p\OT1/cmr/bx/n/10 P\OML/cmm/m/it/10 ;
 N\U/matha/m/n/10 q [] \OML/cmm/m/it/10 H[]\U/matha/m/n/10 p\OT1/cmr/bx/n/10 P\
OML/cmm/m/it/10 ; L\U/matha/m/n/10 q [] \OML/cmm/m/it/10 H[]\U/matha/m/n/10 p\O
T1/cmr/bx/n/10 P\OML/cmm/m/it/10 ; M\U/matha/m/n/10 q [] \OML/cmm/m/it/10 H[]\U
/matha/m/n/10 p\OT1/cmr/bx/n/10 P\OML/cmm/m/it/10 ; N\U/matha/m/n/10 q [] \OML/
cmm/m/it/10 H[]\U/matha/m/n/10 p\OT1/cmr/bx/n/10 P\OML/cmm/m/it/10 ; L\U/matha/
m/n/10 q [] []
 []

[27] [28]
Underfull \hbox (badness 10000) in paragraph at lines 1868--1870

 []

[29] [30] [31] [32]
Overfull \hbox (9.68408pt too wide) in paragraph at lines 2165--2166
[]\OT1/cmr/m/it/10 If $\OML/cmm/m/it/10  \OT1/cmr/m/n/10 : \OML/cmm/m/it/10 M[
] \U/matha/m/n/10  \OML/cmm/m/it/10 M$ \OT1/cmr/m/it/10 is a map there is a na
t-u-ral map $\OML/cmm/m/it/10 Ext[]\U/matha/m/n/10 p\OML/cmm/m/it/10 M; N\U/mat
ha/m/n/10 q  \OML/cmm/m/it/10 Ext[]\U/matha/m/n/10 p\OML/cmm/m/it/10 M[]; N\U/
matha/m/n/10 q$\OT1/cmr/m/it/10 . 
 []


Overfull \hbox (18.59138pt too wide) in paragraph at lines 2183--2184
[]\OT1/cmr/m/n/10 If $\OT1/cmr/bx/n/10 P$ \OT1/cmr/m/n/10 is a pro-jec-tive res
-o-lu-tion of $\OML/cmm/m/it/10 M$ \OT1/cmr/m/n/10 then $\OML/cmm/m/it/10 Hom\U
/matha/m/n/10 p\OT1/cmr/bx/n/10 P\OML/cmm/m/it/10 ; N \U/matha/m/n/10 ` \OML/cm
m/m/it/10 N[]\U/matha/m/n/10 q  \OML/cmm/m/it/10 Hom\U/matha/m/n/10 p\OT1/cmr/
bx/n/10 P\OML/cmm/m/it/10 ; N\U/matha/m/n/10 q `$
 []

[33]
Overfull \hbox (2.16666pt too wide) in paragraph at lines 2224--2224
[] 
 []


LaTeX Warning: Reference `longexactseqcor' on page 34 undefined on input line 2
237.

[34]
Overfull \hbox (16.37149pt too wide) in paragraph at lines 2311--2311
[] 
 []

[35] [36] [37]
Overfull \hbox (12.15437pt too wide) detected at line 2676
[]
 []

[38] [39]
Overfull \hbox (28.45473pt too wide) detected at line 2793
[] [] \OML/cmm/m/it/10 Ext[]\U/matha/m/n/10 p\OML/cmm/m/it/10 P[]; N\U/matha/m/
n/10 q [] \OML/cmm/m/it/10 Ext[]\U/matha/m/n/10 p\OT1/cmr/m/n/10 
[]\OML/cmm/m/it/10 M; N\U/matha/m/n/10 q [] \OML/cmm/m/it/10 Ext[]\U/matha/m/n/
10 p\OT1/cmr/m/n/10 
[]\OML/cmm/m/it/10 M; N\U/matha/m/n/10 q [] \OML/cmm/m/it/10 Ext[]\U/matha/m/n/
10 p\OML/cmm/m/it/10 P[]; N\U/matha/m/n/10 q [] []
 []


Overfull \hbox (15.62424pt too wide) in paragraph at lines 2802--2802
[] 
 []

[40]
Chapter 3.

Overfull \hbox (9.21675pt too wide) detected at line 2886
\OML/cmm/m/it/10 p[] \U/matha/m/n/10  \OML/cmm/m/it/10 e[];  p[] \U/matha/m/n/
10  \OML/cmm/m/it/10 e[];  p[] \U/matha/m/n/10  \OML/cmm/m/it/10 e[];  p[] \U
/matha/m/n/10  \OML/cmm/m/it/10 e[];  p[] \U/matha/m/n/10  \OML/cmm/m/it/10 
;  p[] \U/matha/m/n/10  \OML/cmm/m/it/10 ;  p[] \U/matha/m/n/10  \OML/cmm/m/
it/10 ;  p[] \U/matha/m/n/10  \OML/cmm/m/it/10 :
 []

[41

] [42] [43]

LaTeX Warning: Reference `identitylem' on page 44 undefined on input line 3069.


[44] [45]

LaTeX Warning: Reference `1' on page 46 undefined on input line 3171.

[46]
Overfull \hbox (42.75754pt too wide) in paragraph at lines 3193--3194
[]\OT1/cmr/m/n/10 From Lemma 3.1.18[] we can see that $\OML/cmm/m/it/10 Hom\U/m
atha/m/n/10 p\OML/cmm/m/it/10 Ae[]; Ae[]\U/matha/m/n/10 q  \OML/cmm/m/it/10 e[
]Ae[]$ \OT1/cmr/m/n/10 and $\OML/cmm/m/it/10 Hom\U/matha/m/n/10 p\OML/cmm/m/it/
10 Ae[]; Ae[]\U/matha/m/n/10 q $
 []


LaTeX Warning: Reference `inequivalentlem' on page 47 undefined on input line 3
200.

[47] [48]
Overfull \hbox (5.07704pt too wide) in paragraph at lines 3301--3303
\OT1/cmr/m/n/10 it has paths $\OML/cmm/m/it/10 e[]; e[]; e[]; e[]; ; ; ; ; 
; ; ; ; ; ; ; [] $\OT1/cmr/m/n/10 , and
 []


Overfull \hbox (8.85571pt too wide) detected at line 3381
\OT1/cmr/bx/n/10 X \OT1/cmr/m/n/10 :  [] & \OT1/cmr/bx/n/10 Y \OT1/cmr/m/n/10 :
  []
 []

[49] [50]
Chapter 4.
[51

] [52] [53] [54]

LaTeX Warning: Reference `rad2lem' on page 55 undefined on input line 3615.


Overfull \hbox (0.49893pt too wide) in paragraph at lines 3620--3621
[]\OT1/cmr/bx/n/10 Definition 4.1.14. []\OT1/cmr/m/n/10 If $\OML/cmm/m/it/10 X;
 Y$ \OT1/cmr/m/n/10 in-de-com-pos-able mod-ules then we de-fine $\OML/cmm/m/it/
10 irr\U/matha/m/n/10 p\OML/cmm/m/it/10 X; Y\U/matha/m/n/10 q $
 []

[55] [56] [57]

LaTeX Warning: Reference `sinksourcemaplem' on page 58 undefined on input line 
3793.


LaTeX Warning: Reference `indeclem' on page 58 undefined on input line 3808.


LaTeX Warning: Reference `injectiveprop' on page 58 undefined on input line 380
8.

[58]
Overfull \hbox (27.03467pt too wide) in paragraph at lines 3833--3834
[]\OT1/cmr/bx/n/10 Remark 4.3.4. []\OT1/cmr/m/n/10 For $\OML/cmm/m/it/10 X; P$ 
\OT1/cmr/m/n/10 left $\OML/cmm/m/it/10 A$\OT1/cmr/m/n/10 -modules, $\OML/cmm/m/
it/10 P$ \OT1/cmr/m/n/10 pro-jec-tive, $\OML/cmm/m/it/10 Hom\U/matha/m/n/10 p\O
ML/cmm/m/it/10 X; P\U/matha/m/n/10 q  \OML/cmm/m/it/10 DHom\U/matha/m/n/10 p\
OML/cmm/m/it/10 P; X\U/matha/m/n/10 q$\OT1/cmr/m/n/10 . 
 []

[59]
Overfull \hbox (25.13123pt too wide) detected at line 3901
\OT1/cmr/m/n/10 0 \U/matha/m/n/10  \OML/cmm/m/it/10 Hom\U/matha/m/n/10 p\OML/c
mm/m/it/10 X; A\U/matha/m/n/10 q  \OML/cmm/m/it/10 Hom\U/matha/m/n/10 p\OML/cm
m/m/it/10 P[]; A\U/matha/m/n/10 q  \OML/cmm/m/it/10 Hom\U/matha/m/n/10 p\OML/c
mm/m/it/10 P[]; A\U/matha/m/n/10 q  \OML/cmm/m/it/10 Ext[]\U/matha/m/n/10 p\OM
L/cmm/m/it/10 X; A\U/matha/m/n/10 q  \OML/cmm/m/it/10 Ext[]\U/matha/m/n/10 p\O
ML/cmm/m/it/10 P[]; A\U/matha/m/n/10 q  []
 []

[60]
Missing character: There is no  in font cmr10!
Missing character: There is no  in font cmr10!
Missing character: There is no  in font cmr10!
Missing character: There is no  in font cmr10!
Missing character: There is no  in font cmr10!
Missing character: There is no  in font cmr10!


LaTeX Warning: Reference `adjointlem' on page 61 undefined on input line 3990.


LaTeX Warning: Reference `tauidlem' on page 61 undefined on input line 3990.


LaTeX Warning: Reference `tauidlem' on page 61 undefined on input line 3990.


LaTeX Warning: Reference `taubijectionthm' on page 61 undefined on input line 3
993.


LaTeX Warning: Reference `taubijectionthm' on page 61 undefined on input line 3
994.


LaTeX Warning: Reference `taubijectionlem' on page 61 undefined on input line 3
995.


LaTeX Warning: Reference `adjointlem' on page 61 undefined on input line 4007.

[61]

LaTeX Warning: Reference `sinksourcemapslem' on page 62 undefined on input line
 4064.


LaTeX Warning: Reference `taubijectionthm' on page 62 undefined on input line 4
064.

[62] [63]
Underfull \hbox (badness 10000) in paragraph at lines 4165--4168
[]\OT1/cmr/m/n/10 Crawley-Boevey, W. \OT1/cmr/m/it/10 Co-ho-mol-ogy and Cen-tra
l Sim-ple Al-ge-bras\OT1/cmr/m/n/10 .
 []


Underfull \hbox (badness 10000) in paragraph at lines 4165--4168
\OT1/cmr/m/n/10 [Online-PDF file]. [Ac-cessed Oc-to-ber 2014]. Avail-able from:

 []


Underfull \hbox (badness 10000) in paragraph at lines 4170--4173
[]\OT1/cmr/m/n/10 Crawley-Boevey, W. \OT1/cmr/m/it/10 Rep-re-sen-ta-tion of Qui
v-ers\OT1/cmr/m/n/10 . [Online-
 []


Underfull \hbox (badness 10000) in paragraph at lines 4170--4173
\OT1/cmr/m/n/10 PDF file]. [Ac-cessed Oc-to-ber 2014]. Avail-able from:
 []


Underfull \hbox (badness 10000) in paragraph at lines 4204--4206
[]\OT1/cmr/m/it/10 Ext func-tor - Wikipedia, the free en-cy-clo-pe-
 []


Underfull \hbox (badness 10000) in paragraph at lines 4204--4206
\OT1/cmr/m/it/10 dia. \OT1/cmr/m/n/10 [ON-LINE] [Ac-cessed April 2015]. Avail-a
ble at:
 []


Underfull \hbox (badness 5939) in paragraph at lines 4213--4216
[]\OT1/cmr/m/n/10 Crawley-Boevey, W. \OT1/cmr/m/it/10 More Lec-tures on Rep-re-
sen-ta-tions of Quiv-
 []


Underfull \hbox (badness 10000) in paragraph at lines 4213--4216
\OT1/cmr/m/it/10 ers. \OT1/cmr/m/n/10 [Online-PDF file]. [Ac-cessed March 2015]
. Avail-able from:
 []


Underfull \hbox (badness 10000) in paragraph at lines 4218--4221
[]\OT1/cmr/m/n/10 Vale, Richard. \OT1/cmr/m/it/10 7350:Top-ics in Finite-Dimens
ional Al-ge-bras.
 []


Underfull \hbox (badness 10000) in paragraph at lines 4218--4221
\OT1/cmr/m/n/10 [Online-PDF file]. [Ac-cessed March 2015]. Avail-able from:
 []

Missing character: There is no  in font cmti10!
Missing character: There is no  in font cmti10!
Missing character: There is no  in font cmti10!

Underfull \hbox (badness 10000) in paragraph at lines 4228--4230
[]\OT1/cmr/m/it/10 AuslanderReiten the-ory - Wikipedia, the free en-cy-clo-
 []


Underfull \hbox (badness 10000) in paragraph at lines 4228--4230
\OT1/cmr/m/it/10 pe-dia. \OT1/cmr/m/n/10 [ON-LINE] [Ac-cessed May 2015]. Avail-
able at:
 []


Overfull \hbox (92.15659pt too wide) in paragraph at lines 4228--4230
\OT1/cmr/m/n/10 http://en.wikipedia.org/wiki/Auslander%E2%80%93Reiten[]theory#C
ITEREFAuslander1999a. 
 []

[64

] [65] (C:\Users\Chanelle\Documents\GitHub\quivers\quivers.aux)

LaTeX Font Warning: Size substitutions with differences
(Font)              up to 3.2655pt have occurred.


LaTeX Warning: There were undefined references.


LaTeX Warning: There were multiply-defined labels.

 ) 
Here is how much of TeX's memory you used:
 21487 strings out of 493921
 437801 string characters out of 3144867
 470493 words of memory out of 3000000
 24458 multiletter control sequences out of 15000+200000
 34231 words of font info for 126 fonts, out of 3000000 for 9000
 841 hyphenation exceptions out of 8191
 55i,19n,66p,10435b,946s stack positions out of 5000i,500n,10000p,200000b,50000s
 <C:\Users\Chanelle\AppData\Local\MiKTeX\2.9\fonts\pk\ljfour\jknappen\ec\dpi6
00\tcrm1000.pk><C:/Program Files (x86)/MiKTeX 2.9/fonts/type1/public/amsfonts/c
m/cmbx10.pfb><C:/Program Files (x86)/MiKTeX 2.9/fonts/type1/public/amsfonts/cm/
cmbx12.pfb><C:/Program Files (x86)/MiKTeX 2.9/fonts/type1/public/amsfonts/cm/cm
bx7.pfb><C:/Program Files (x86)/MiKTeX 2.9/fonts/type1/public/amsfonts/cm/cmbx9
.pfb><C:/Program Files (x86)/MiKTeX 2.9/fonts/type1/public/amsfonts/cm/cmmi10.p
fb><C:/Program Files (x86)/MiKTeX 2.9/fonts/type1/public/amsfonts/cm/cmmi5.pfb>
<C:/Program Files (x86)/MiKTeX 2.9/fonts/type1/public/amsfonts/cm/cmmi7.pfb><C:
/Program Files (x86)/MiKTeX 2.9/fonts/type1/public/amsfonts/cm/cmmi9.pfb><C:/Pr
ogram Files (x86)/MiKTeX 2.9/fonts/type1/public/amsfonts/cm/cmr10.pfb><C:/Progr
am Files (x86)/MiKTeX 2.9/fonts/type1/public/amsfonts/cm/cmr12.pfb><C:/Program 
Files (x86)/MiKTeX 2.9/fonts/type1/public/amsfonts/cm/cmr17.pfb><C:/Program Fil
es (x86)/MiKTeX 2.9/fonts/type1/public/amsfonts/cm/cmr5.pfb><C:/Program Files (
x86)/MiKTeX 2.9/fonts/type1/public/amsfonts/cm/cmr7.pfb><C:/Program Files (x86)
/MiKTeX 2.9/fonts/type1/public/amsfonts/cm/cmr9.pfb><C:/Program Files (x86)/MiK
TeX 2.9/fonts/type1/public/amsfonts/cm/cmsy10.pfb><C:/Program Files (x86)/MiKTe
X 2.9/fonts/type1/public/amsfonts/cm/cmti10.pfb><C:/Program Files (x86)/MiKTeX 
2.9/fonts/type1/public/amsfonts/cm/cmti7.pfb><C:/Program Files (x86)/MiKTeX 2.9
/fonts/type1/public/amsfonts/euler/eurm10.pfb><C:/Program Files (x86)/MiKTeX 2.
9/fonts/type1/public/mathabx-type1/matha10.pfb><C:/Program Files (x86)/MiKTeX 2
.9/fonts/type1/public/mathabx-type1/matha5.pfb><C:/Program Files (x86)/MiKTeX 2
.9/fonts/type1/public/mathabx-type1/matha7.pfb><C:/Program Files (x86)/MiKTeX 2
.9/fonts/type1/public/mathabx-type1/mathb10.pfb><C:/Program Files (x86)/MiKTeX 
2.9/fonts/type1/public/mathabx-type1/mathx10.pfb><C:/Program Files (x86)/MiKTeX
 2.9/fonts/type1/public/amsfonts/symbols/msam10.pfb><C:/Program Files (x86)/MiK
TeX 2.9/fonts/type1/public/amsfonts/symbols/msbm10.pfb><C:/Program Files (x86)/
MiKTeX 2.9/fonts/type1/public/amsfonts/symbols/msbm7.pfb>
Output written on quivers.pdf (65 pages, 540595 bytes).
PDF statistics:
 323 PDF objects out of 1000 (max. 8388607)
 0 named destinations out of 1000 (max. 500000)
 13 words of extra memory for PDF output out of 10000 (max. 10000000)

